Query:(process_path contains 'SKj3L\Windows\Temp\DB\dNbaE' and process_path endswith 'zYCj5SJDlb.exe') or ((command contains 'j3g6\nslookup.exesrhluh' and command contains 'I-q=TXTGUYKC0AjE') and parent_process_path contains 'amxHDyISx\Autoit9') or (command contains 'xYfpZxbG4\Service.exey' and (command endswith 'CPT0ADcdJ2i' or command endswith '90aqFUAGqqu')) or (command endswith 'MUv0LJaSCJ\microsoft\Taskbar\autoit3.exe' and command startswith 'C:\wsc.exe6tEXlpPD8s')
Log:
<Event xmlns="http://schemas.microsoft.com/win/2004/08/events/event">
  <System>
    <Provider Name="Microsoft-Windows-Sysmon" Guid="{5770385F-C22A-43E0-BF4C-06F5698FFBD9}" />
    <EventID>1</EventID>
    <Version>5</Version>
    <Level>4</Level>
    <Task>1</Task>
    <Opcode>0</Opcode>
    <Keywords>0x8000000000000000</Keywords>
    <TimeCreated SystemTime="2021-07-20T10:30:00.000000Z" />
    <EventRecordID>1234</EventRecordID>
    <Correlation />
    <Execution ProcessID="100" ThreadID="200" />
    <Channel>Security</Channel>
    <Computer>DESKTOP01</Computer>
    <Security />
  </System>
  <EventData>
    <Data Name="RuleName">ProcessPathRule</Data>
    <Data Name="process_path">SKj3L\Windows\Temp\DB\dNbaE\zYCj5SJDlb.exe</Data>
  </EventData>
</Event>
